{
  "RSpec": {
    "coverage": {
      "/Users/David/Dropbox/DevBootcamp/general_things/sandwich-order/spec/spec_helper.rb": [
        null,
        1,
        1,
        1,
        1,
        null,
        null,
        null,
        1,
        null,
        1,
        null,
        null,
        null,
        null,
        null,
        null,
        null,
        null,
        null,
        1,
        null,
        null,
        null,
        null,
        1,
        null,
        null,
        null,
        null,
        1,
        null,
        null,
        null,
        null,
        null,
        1,
        null
      ],
      "/Users/David/Dropbox/DevBootcamp/general_things/sandwich-order/config/environment.rb": [
        null,
        1,
        null,
        null,
        1
      ],
      "/Users/David/Dropbox/DevBootcamp/general_things/sandwich-order/config/application.rb": [
        1,
        null,
        1,
        null,
        1,
        null,
        1,
        null,
        null,
        null,
        null,
        1,
        1,
        null,
        null,
        1,
        null,
        null,
        null,
        null,
        null,
        null,
        null,
        null,
        null,
        null,
        null,
        null,
        null,
        null,
        null,
        null,
        null,
        null,
        null,
        null,
        null,
        null,
        null,
        null,
        null,
        1,
        null,
        null,
        1,
        null,
        null,
        1,
        null,
        null,
        null,
        null,
        null,
        null,
        null,
        null,
        null,
        null,
        1,
        null,
        null,
        1,
        null,
        null,
        1,
        null,
        null
      ],
      "/Users/David/Dropbox/DevBootcamp/general_things/sandwich-order/config/boot.rb": [
        1,
        null,
        null,
        1,
        null,
        1
      ],
      "/Users/David/Dropbox/DevBootcamp/general_things/sandwich-order/config/environments/test.rb": [
        1,
        null,
        null,
        null,
        null,
        null,
        null,
        1,
        null,
        null,
        1,
        1,
        null,
        null,
        1,
        null,
        null,
        1,
        1,
        null,
        null,
        1,
        null,
        null,
        1,
        null,
        null,
        null,
        null,
        1,
        null,
        null,
        1,
        null,
        null,
        1,
        null
      ],
      "/Users/David/Dropbox/DevBootcamp/general_things/sandwich-order/config/initializers/backtrace_silencers.rb": [
        null,
        null,
        null,
        null,
        null,
        null,
        null
      ],
      "/Users/David/Dropbox/DevBootcamp/general_things/sandwich-order/config/initializers/devise.rb": [
        null,
        null,
        1,
        null,
        null,
        null,
        1,
        null,
        null,
        null,
        null,
        null,
        null,
        null,
        null,
        1,
        null,
        null,
        null,
        null,
        null,
        null,
        null,
        null,
        null,
        null,
        null,
        null,
        null,
        null,
        null,
        null,
        null,
        null,
        null,
        null,
        null,
        1,
        null,
        null,
        null,
        null,
        1,
        null,
        null,
        null,
        null,
        null,
        null,
        null,
        null,
        null,
        null,
        null,
        null,
        null,
        null,
        null,
        null,
        null,
        null,
        null,
        null,
        null,
        null,
        null,
        null,
        null,
        null,
        null,
        null,
        null,
        1,
        null,
        null,
        null,
        null,
        null,
        null,
        null,
        null,
        1,
        null,
        null,
        null,
        null,
        null,
        null,
        null,
        null,
        null,
        null,
        null,
        null,
        null,
        null,
        null,
        null,
        null,
        null,
        1,
        null,
        null,
        null,
        null,
        null,
        null,
        null,
        null,
        null,
        null,
        null,
        null,
        null,
        null,
        null,
        null,
        null,
        null,
        null,
        null,
        null,
        null,
        null,
        null,
        null,
        null,
        null,
        null,
        null,
        null,
        null,
        null,
        null,
        null,
        null,
        null,
        null,
        null,
        null,
        null,
        null,
        null,
        null,
        null,
        null,
        null,
        null,
        null,
        null,
        null,
        null,
        null,
        null,
        null,
        null,
        null,
        null,
        null,
        null,
        null,
        null,
        null,
        null,
        1,
        null,
        null,
        null,
        null,
        null,
        null,
        null,
        null,
        null,
        null,
        null,
        null,
        null,
        null,
        null,
        null,
        null,
        null,
        null,
        null,
        null,
        null,
        null,
        null,
        null,
        null,
        null,
        null,
        null,
        null,
        null,
        null,
        null,
        null,
        null,
        null,
        null,
        null,
        null,
        1,
        null,
        null,
        null,
        null,
        null,
        null,
        null,
        null,
        null,
        null,
        null,
        null,
        null,
        null,
        null,
        null,
        null,
        null,
        null,
        null,
        null,
        null,
        null,
        null,
        null,
        null,
        null,
        null,
        null
      ],
      "/Users/David/Dropbox/DevBootcamp/general_things/sandwich-order/config/initializers/inflections.rb": [
        null,
        null,
        null,
        null,
        null,
        null,
        null,
        null,
        null,
        null,
        null,
        null,
        null,
        null,
        null
      ],
      "/Users/David/Dropbox/DevBootcamp/general_things/sandwich-order/config/initializers/mime_types.rb": [
        null,
        null,
        null,
        null,
        null
      ],
      "/Users/David/Dropbox/DevBootcamp/general_things/sandwich-order/config/initializers/omniauth.rb": [
        1,
        1,
        null
      ],
      "/Users/David/Dropbox/DevBootcamp/general_things/sandwich-order/config/initializers/secret_token.rb": [
        null,
        null,
        null,
        null,
        null,
        null,
        1
      ],
      "/Users/David/Dropbox/DevBootcamp/general_things/sandwich-order/config/initializers/session_store.rb": [
        null,
        null,
        1,
        null,
        null,
        null,
        null,
        null
      ],
      "/Users/David/Dropbox/DevBootcamp/general_things/sandwich-order/config/initializers/stripe.rb": [
        null,
        1,
        1
      ],
      "/Users/David/Dropbox/DevBootcamp/general_things/sandwich-order/config/initializers/taskrabbit.rb": [
        1,
        1,
        1,
        1,
        1,
        null
      ],
      "/Users/David/Dropbox/DevBootcamp/general_things/sandwich-order/config/initializers/wrap_parameters.rb": [
        null,
        null,
        null,
        null,
        null,
        null,
        1,
        1,
        null,
        null,
        null,
        1,
        1,
        null
      ],
      "/Users/David/Dropbox/DevBootcamp/general_things/sandwich-order/config/routes.rb": [
        1,
        1,
        null,
        1,
        null,
        1,
        null,
        1,
        null,
        null,
        1,
        null,
        null,
        null,
        null,
        null,
        null,
        null,
        null,
        null,
        null,
        null,
        null,
        null,
        null,
        null,
        null,
        null,
        null,
        null,
        null,
        null,
        null,
        null,
        null,
        null,
        null,
        null,
        null,
        null,
        null,
        null,
        null,
        null,
        null,
        null,
        null,
        null,
        null,
        null,
        null,
        null,
        null,
        null,
        null,
        null,
        null,
        null,
        null,
        null,
        null,
        null,
        null,
        null,
        null,
        null,
        null,
        null,
        null
      ],
      "/Users/David/Dropbox/DevBootcamp/general_things/sandwich-order/app/models/user.rb": [
        1,
        null,
        null,
        null,
        1,
        null,
        null,
        null,
        1,
        null,
        null,
        1,
        null,
        1,
        0,
        0,
        null,
        null,
        null,
        null,
        0,
        0,
        null,
        null,
        1,
        0,
        null,
        null,
        null,
        null,
        null,
        null
      ],
      "/Users/David/Dropbox/DevBootcamp/general_things/sandwich-order/app/controllers/application_controller.rb": [
        1,
        1,
        null
      ],
      "/Users/David/Dropbox/DevBootcamp/general_things/sandwich-order/app/helpers/application_helper.rb": [
        1,
        null
      ],
      "/Users/David/Dropbox/DevBootcamp/general_things/sandwich-order/app/helpers/creditcards_helper.rb": [
        1,
        null
      ],
      "/Users/David/Dropbox/DevBootcamp/general_things/sandwich-order/app/helpers/orders_helper.rb": [
        1,
        null
      ],
      "/Users/David/Dropbox/DevBootcamp/general_things/sandwich-order/app/helpers/sessions_helper.rb": [
        1,
        null
      ],
      "/Users/David/Dropbox/DevBootcamp/general_things/sandwich-order/app/helpers/static_pages_helper.rb": [
        1,
        null
      ],
      "/Users/David/Dropbox/DevBootcamp/general_things/sandwich-order/app/controllers/creditcards_controller.rb": [
        1,
        1,
        null,
        null,
        1,
        0,
        0,
        0,
        null,
        0,
        null,
        null,
        1,
        null,
        null
      ],
      "/Users/David/Dropbox/DevBootcamp/general_things/sandwich-order/app/controllers/orders_controller.rb": [
        1,
        1,
        null,
        null,
        null,
        1,
        0,
        null,
        0,
        0,
        0,
        null,
        null,
        null,
        null,
        null,
        1,
        0,
        null,
        0,
        0,
        0,
        null,
        null,
        null,
        null,
        null,
        1,
        0,
        0,
        null,
        0,
        null,
        null,
        null,
        null,
        null,
        null,
        null,
        null,
        null,
        1,
        0,
        null,
        null,
        null,
        null,
        1,
        0,
        null,
        0,
        0,
        0,
        0,
        0,
        0,
        null,
        0,
        null,
        null,
        null,
        null,
        null,
        0,
        0,
        null,
        0,
        0,
        0,
        null,
        null,
        null,
        null,
        null,
        null,
        1,
        0,
        null,
        0,
        0,
        0,
        0,
        null,
        0,
        0,
        null,
        null,
        null,
        null,
        null,
        null,
        1,
        0,
        0,
        null,
        0,
        0,
        0,
        null,
        null,
        null
      ],
      "/Users/David/Dropbox/DevBootcamp/general_things/sandwich-order/app/models/order.rb": [
        1,
        1,
        1,
        1,
        null,
        1,
        0,
        null,
        0,
        null,
        null,
        null,
        null,
        null,
        null,
        null,
        null,
        null,
        null,
        1,
        0,
        0,
        null,
        0,
        null,
        0,
        null,
        0,
        null,
        0,
        null,
        null,
        0,
        0,
        0,
        0,
        0,
        null,
        0,
        null,
        null,
        null,
        null,
        null,
        null
      ],
      "/Users/David/Dropbox/DevBootcamp/general_things/sandwich-order/app/controllers/sessions_controller.rb": [
        1,
        1,
        0,
        null,
        null
      ],
      "/Users/David/Dropbox/DevBootcamp/general_things/sandwich-order/app/controllers/static_pages_controller.rb": [
        1,
        1,
        0,
        0,
        null,
        null,
        null
      ],
      "/Users/David/Dropbox/DevBootcamp/general_things/sandwich-order/spec/models/user_spec.rb": [
        1,
        1,
        1,
        null,
        1,
        1,
        4,
        null,
        null,
        2,
        2,
        2,
        2,
        null,
        null
      ],
      "/Users/David/Dropbox/DevBootcamp/general_things/sandwich-order/spec/views/creditcards/create.html.erb_spec.rb": [
        null,
        null,
        null,
        null,
        null
      ],
      "/Users/David/Dropbox/DevBootcamp/general_things/sandwich-order/spec/views/creditcards/new.html.erb_spec.rb": [
        null,
        null,
        null,
        null,
        null
      ],
      "/Users/David/Dropbox/DevBootcamp/general_things/sandwich-order/spec/views/creditcards/show.html.erb_spec.rb": [
        null,
        null,
        null,
        null,
        null
      ],
      "/Users/David/Dropbox/DevBootcamp/general_things/sandwich-order/spec/views/sessions/create.html.erb_spec.rb": [
        null,
        null,
        null,
        null,
        null
      ]
    },
    "timestamp": 1347292869
  }
}
